#
# There is insufficient memory for the Java Runtime Environment to continue.
# Native memory allocation (malloc) failed to allocate 1220496 bytes for Chunk::new
# Possible reasons:
#   The system is out of physical RAM or swap space
#   The process is running with CompressedOops enabled, and the Java Heap may be blocking the growth of the native heap
# Possible solutions:
#   Reduce memory load on the system
#   Increase physical memory or swap space
#   Check if swap backing store is full
#   Decrease Java heap size (-Xmx/-Xms)
#   Decrease number of Java threads
#   Decrease Java thread stack sizes (-Xss)
#   Set larger code cache with -XX:ReservedCodeCacheSize=
#   JVM is running with Unscaled Compressed Oops mode in which the Java heap is
#     placed in the first 4GB address space. The Java Heap base address is the
#     maximum limit for the native heap growth. Please use -XX:HeapBaseMinAddress
#     to set the Java Heap base and to place the Java Heap above 4GB virtual address.
# This output file may be truncated or incomplete.
#
#  Out of Memory Error (src/hotspot/share/memory/arena.cpp:197), pid=10860, tid=14740
#
# JRE version: OpenJDK Runtime Environment (11.0.15) (build 11.0.15+0-b2043.56-9505619)
# Java VM: OpenJDK 64-Bit Server VM (11.0.15+0-b2043.56-9505619, mixed mode, tiered, compressed oops, g1 gc, windows-amd64)
# No core dump will be written. Minidumps are not enabled by default on client versions of Windows
#

---------------  S U M M A R Y ------------

Command Line: --add-opens=java.base/java.util=ALL-UNNAMED --add-opens=java.base/java.lang=ALL-UNNAMED --add-opens=java.base/java.lang.invoke=ALL-UNNAMED --add-opens=java.prefs/java.util.prefs=ALL-UNNAMED --add-opens=java.base/java.nio.charset=ALL-UNNAMED --add-opens=java.base/java.net=ALL-UNNAMED --add-opens=java.base/java.util.concurrent.atomic=ALL-UNNAMED -Xmx2048m -Dfile.encoding=UTF-8 -Duser.country=KR -Duser.language=ko -Duser.variant org.gradle.launcher.daemon.bootstrap.GradleDaemon 8.0-rc-5

Host: Intel(R) Core(TM) i5-1035G7 CPU @ 1.20GHz, 8 cores, 7G,  Windows 10 , 64 bit Build 19041 (10.0.19041.2913)
Time: Sun May 21 01:31:37 2023  Windows 10 , 64 bit Build 19041 (10.0.19041.2913) elapsed time: 43.361118 seconds (0d 0h 0m 43s)

---------------  T H R E A D  ---------------

Current thread (0x000002452fe89000):  JavaThread "C2 CompilerThread0" daemon [_thread_in_native, id=14740, stack(0x000000e892400000,0x000000e892500000)]


Current CompileTask:
C2:  43361 2784   !   4       java.lang.reflect.Executable::declaredAnnotations (85 bytes)

Stack: [0x000000e892400000,0x000000e892500000]
Native frames: (J=compiled Java code, j=interpreted, Vv=VM code, C=native code)
V  [jvm.dll+0x64135a]
V  [jvm.dll+0x7d39f9]
V  [jvm.dll+0x7d51b9]
V  [jvm.dll+0x7d58a3]
V  [jvm.dll+0x2691c5]
V  [jvm.dll+0xc1a5c]
V  [jvm.dll+0xc200c]
V  [jvm.dll+0x377462]
V  [jvm.dll+0x342495]
V  [jvm.dll+0x34186a]
V  [jvm.dll+0x2214bd]
V  [jvm.dll+0x220498]
V  [jvm.dll+0x19e851]
V  [jvm.dll+0x230479]
V  [jvm.dll+0x22e5ef]
V  [jvm.dll+0x794de1]
V  [jvm.dll+0x78dc24]
V  [jvm.dll+0x6400f6]
C  [ucrtbase.dll+0x21bb2]
C  [KERNEL32.DLL+0x17614]
C  [ntdll.dll+0x526a1]


---------------  P R O C E S S  ---------------

Threads class SMR info:
_java_thread_list=0x0000024531eec120, length=31, elements={
0x00000245159b1800, 0x000002452fe64800, 0x000002452fe66800, 0x000002452fe80800,
0x000002452fe87000, 0x000002452fe88000, 0x000002452fe89000, 0x000002452fe96000,
0x000002452fe99800, 0x000002453084b000, 0x0000024531f4a800, 0x00000245315e3800,
0x000002453221f000, 0x0000024530a72800, 0x0000024531b12800, 0x0000024531f80800,
0x000002453201b800, 0x00000245319d7800, 0x000002453200f000, 0x0000024531fb0800,
0x0000024531360000, 0x000002453135e800, 0x000002453135c000, 0x000002453135f800,
0x0000024531361000, 0x000002453135b800, 0x0000024531362000, 0x000002453135e000,
0x000002453135d000, 0x0000024532c86800, 0x0000024532c84800
}

Java Threads: ( => current thread )
  0x00000245159b1800 JavaThread "main" [_thread_blocked, id=21552, stack(0x000000e891800000,0x000000e891900000)]
  0x000002452fe64800 JavaThread "Reference Handler" daemon [_thread_blocked, id=6676, stack(0x000000e891f00000,0x000000e892000000)]
  0x000002452fe66800 JavaThread "Finalizer" daemon [_thread_blocked, id=24916, stack(0x000000e892000000,0x000000e892100000)]
  0x000002452fe80800 JavaThread "Signal Dispatcher" daemon [_thread_blocked, id=32284, stack(0x000000e892100000,0x000000e892200000)]
  0x000002452fe87000 JavaThread "Attach Listener" daemon [_thread_blocked, id=29484, stack(0x000000e892200000,0x000000e892300000)]
  0x000002452fe88000 JavaThread "Service Thread" daemon [_thread_blocked, id=32032, stack(0x000000e892300000,0x000000e892400000)]
=>0x000002452fe89000 JavaThread "C2 CompilerThread0" daemon [_thread_in_native, id=14740, stack(0x000000e892400000,0x000000e892500000)]
  0x000002452fe96000 JavaThread "C1 CompilerThread0" daemon [_thread_blocked, id=29792, stack(0x000000e892500000,0x000000e892600000)]
  0x000002452fe99800 JavaThread "Sweeper thread" daemon [_thread_blocked, id=15212, stack(0x000000e892600000,0x000000e892700000)]
  0x000002453084b000 JavaThread "Common-Cleaner" daemon [_thread_blocked, id=26840, stack(0x000000e892700000,0x000000e892800000)]
  0x0000024531f4a800 JavaThread "Daemon health stats" [_thread_blocked, id=17412, stack(0x000000e892a00000,0x000000e892b00000)]
  0x00000245315e3800 JavaThread "Incoming local TCP Connector on port 57874" [_thread_in_native, id=32020, stack(0x000000e892b00000,0x000000e892c00000)]
  0x000002453221f000 JavaThread "Daemon periodic checks" [_thread_blocked, id=29856, stack(0x000000e892c00000,0x000000e892d00000)]
  0x0000024530a72800 JavaThread "Daemon" [_thread_blocked, id=20412, stack(0x000000e892d00000,0x000000e892e00000)]
  0x0000024531b12800 JavaThread "Handler for socket connection from /127.0.0.1:57874 to /127.0.0.1:57884" [_thread_in_native, id=5696, stack(0x000000e892e00000,0x000000e892f00000)]
  0x0000024531f80800 JavaThread "Cancel handler" [_thread_blocked, id=26212, stack(0x000000e892f00000,0x000000e893000000)]
  0x000002453201b800 JavaThread "Daemon worker" [_thread_in_vm, id=26128, stack(0x000000e893000000,0x000000e893100000)]
  0x00000245319d7800 JavaThread "Asynchronous log dispatcher for DefaultDaemonConnection: socket connection from /127.0.0.1:57874 to /127.0.0.1:57884" [_thread_blocked, id=17552, stack(0x000000e893100000,0x000000e893200000)]
  0x000002453200f000 JavaThread "Stdin handler" [_thread_blocked, id=30784, stack(0x000000e893200000,0x000000e893300000)]
  0x0000024531fb0800 JavaThread "Daemon client event forwarder" [_thread_blocked, id=18528, stack(0x000000e893300000,0x000000e893400000)]
  0x0000024531360000 JavaThread "Cache worker for journal cache (C:\Users\imsoojin\.gradle\caches\journal-1)" [_thread_blocked, id=18976, stack(0x000000e893b00000,0x000000e893c00000)]
  0x000002453135e800 JavaThread "File lock request listener" [_thread_in_native, id=27992, stack(0x000000e893c00000,0x000000e893d00000)]
  0x000002453135c000 JavaThread "Cache worker for file hash cache (C:\Users\imsoojin\.gradle\caches\8.0-rc-5\fileHashes)" [_thread_blocked, id=18684, stack(0x000000e893d00000,0x000000e893e00000)]
  0x000002453135f800 JavaThread "File watcher server" daemon [_thread_in_native, id=14228, stack(0x000000e893e00000,0x000000e893f00000)]
  0x0000024531361000 JavaThread "File watcher consumer" daemon [_thread_blocked, id=12392, stack(0x000000e893f00000,0x000000e894000000)]
  0x000002453135b800 JavaThread "Cache worker for checksums cache (C:\Users\imsoojin\AndroidStudioProjects\SW-Engineering_kiosk_app\.gradle\8.0-rc-5\checksums)" [_thread_blocked, id=30712, stack(0x000000e894000000,0x000000e894100000)]
  0x0000024531362000 JavaThread "Cache worker for cache directory md-rule (C:\Users\imsoojin\.gradle\caches\8.0-rc-5\md-rule)" [_thread_blocked, id=3772, stack(0x000000e894100000,0x000000e894200000)]
  0x000002453135e000 JavaThread "Cache worker for file content cache (C:\Users\imsoojin\.gradle\caches\8.0-rc-5\fileContent)" [_thread_blocked, id=28092, stack(0x000000e894200000,0x000000e894300000)]
  0x000002453135d000 JavaThread "Cache worker for file hash cache (C:\Users\imsoojin\AndroidStudioProjects\SW-Engineering_kiosk_app\.gradle\8.0-rc-5\fileHashes)" [_thread_blocked, id=32248, stack(0x000000e894500000,0x000000e894600000)]
  0x0000024532c86800 JavaThread "Cache worker for cache directory md-supplier (C:\Users\imsoojin\.gradle\caches\8.0-rc-5\md-supplier)" [_thread_blocked, id=32764, stack(0x000000e894600000,0x000000e894700000)]
  0x0000024532c84800 JavaThread "Cache worker for execution history cache (C:\Users\imsoojin\.gradle\caches\8.0-rc-5\executionHistory)" [_thread_blocked, id=32292, stack(0x000000e894700000,0x000000e894800000)]

Other Threads:
  0x000002452fe60000 VMThread "VM Thread" [stack: 0x000000e891e00000,0x000000e891f00000] [id=26828]
  0x0000024530878800 WatcherThread [stack: 0x000000e892800000,0x000000e892900000] [id=10164]
  0x00000245159cb800 GCTaskThread "GC Thread#0" [stack: 0x000000e891900000,0x000000e891a00000] [id=7396]
  0x0000024530ed4000 GCTaskThread "GC Thread#1" [stack: 0x000000e892900000,0x000000e892a00000] [id=13132]
  0x0000024532a60800 GCTaskThread "GC Thread#2" [stack: 0x000000e893400000,0x000000e893500000] [id=25900]
  0x0000024531b1c800 GCTaskThread "GC Thread#3" [stack: 0x000000e893500000,0x000000e893600000] [id=28328]
  0x0000024531c5f000 GCTaskThread "GC Thread#4" [stack: 0x000000e893600000,0x000000e893700000] [id=2504]
  0x0000024531c60000 GCTaskThread "GC Thread#5" [stack: 0x000000e893700000,0x000000e893800000] [id=27052]
  0x00000245313e5000 GCTaskThread "GC Thread#6" [stack: 0x000000e893800000,0x000000e893900000] [id=29820]
  0x00000245313e6000 GCTaskThread "GC Thread#7" [stack: 0x000000e893900000,0x000000e893a00000] [id=28476]
  0x00000245159fd000 ConcurrentGCThread "G1 Main Marker" [stack: 0x000000e891a00000,0x000000e891b00000] [id=30204]
  0x00000245159fe800 ConcurrentGCThread "G1 Conc#0" [stack: 0x000000e891b00000,0x000000e891c00000] [id=16240]
  0x0000024531c63000 ConcurrentGCThread "G1 Conc#1" [stack: 0x000000e893a00000,0x000000e893b00000] [id=26804]
  0x000002452fcb0800 ConcurrentGCThread "G1 Refine#0" [stack: 0x000000e891c00000,0x000000e891d00000] [id=25632]
  0x000002452fcb1000 ConcurrentGCThread "G1 Young RemSet Sampling" [stack: 0x000000e891d00000,0x000000e891e00000] [id=30976]

Threads with active compile tasks:
C2 CompilerThread0    43527 2784   !   4       java.lang.reflect.Executable::declaredAnnotations (85 bytes)

VM state:not at safepoint (normal execution)

VM Mutex/Monitor currently owned by a thread: None

Heap address: 0x0000000080000000, size: 2048 MB, Compressed Oops mode: 32-bit
Narrow klass base: 0x0000000000000000, Narrow klass shift: 3
Compressed class space size: 1073741824 Address: 0x0000000100000000

Heap:
 garbage-first heap   total 126976K, used 36951K [0x0000000080000000, 0x0000000100000000)
  region size 1024K, 21 young (21504K), 5 survivors (5120K)
 Metaspace       used 32178K, capacity 33081K, committed 33200K, reserved 1077248K
  class space    used 4267K, capacity 4577K, committed 4608K, reserved 1048576K
Heap Regions: E=young(eden), S=young(survivor), O=old, HS=humongous(starts), HC=humongous(continues), CS=collection set, F=free, A=archive, TAMS=top-at-mark-start (previous, next)
|   0|0x0000000080000000, 0x0000000080100000, 0x0000000080100000|100%|HS|  |TAMS 0x0000000080100000, 0x0000000080000000| Complete 
|   1|0x0000000080100000, 0x0000000080200000, 0x0000000080200000|100%|HC|  |TAMS 0x0000000080200000, 0x0000000080100000| Complete 
|   2|0x0000000080200000, 0x0000000080300000, 0x0000000080300000|100%|HC|  |TAMS 0x0000000080300000, 0x0000000080200000| Complete 
|   3|0x0000000080300000, 0x0000000080400000, 0x0000000080400000|100%|HC|  |TAMS 0x0000000080400000, 0x0000000080300000| Complete 
|   4|0x0000000080400000, 0x0000000080500000, 0x0000000080500000|100%| O|  |TAMS 0x0000000080500000, 0x0000000080400000| Untracked 
|   5|0x0000000080500000, 0x0000000080600000, 0x0000000080600000|100%| O|  |TAMS 0x0000000080600000, 0x0000000080500000| Untracked 
|   6|0x0000000080600000, 0x0000000080700000, 0x0000000080700000|100%| O|  |TAMS 0x0000000080700000, 0x0000000080600000| Untracked 
|   7|0x0000000080700000, 0x0000000080800000, 0x0000000080800000|100%| O|  |TAMS 0x0000000080800000, 0x0000000080700000| Untracked 
|   8|0x0000000080800000, 0x0000000080900000, 0x0000000080900000|100%| O|  |TAMS 0x0000000080900000, 0x0000000080800000| Untracked 
|   9|0x0000000080900000, 0x0000000080a00000, 0x0000000080a00000|100%| O|  |TAMS 0x0000000080a00000, 0x0000000080900000| Untracked 
|  10|0x0000000080a00000, 0x0000000080b00000, 0x0000000080b00000|100%| O|  |TAMS 0x0000000080b00000, 0x0000000080a00000| Untracked 
|  11|0x0000000080b00000, 0x0000000080c00000, 0x0000000080c00000|100%| O|  |TAMS 0x0000000080c00000, 0x0000000080b00000| Untracked 
|  12|0x0000000080c00000, 0x0000000080d00000, 0x0000000080d00000|100%| O|  |TAMS 0x0000000080d00000, 0x0000000080c00000| Untracked 
|  13|0x0000000080d00000, 0x0000000080e00000, 0x0000000080e00000|100%| O|  |TAMS 0x0000000080e00000, 0x0000000080d00000| Untracked 
|  14|0x0000000080e00000, 0x0000000080f00000, 0x0000000080f00000|100%| O|  |TAMS 0x0000000080f00000, 0x0000000080e00000| Untracked 
|  15|0x0000000080f00000, 0x0000000081000000, 0x0000000081000000|100%| O|  |TAMS 0x0000000081000000, 0x0000000080f00000| Untracked 
|  16|0x0000000081000000, 0x00000000810cb600, 0x0000000081100000| 79%| O|  |TAMS 0x00000000810cb600, 0x0000000081000000| Untracked 
|  17|0x0000000081100000, 0x0000000081100000, 0x0000000081200000|  0%| F|  |TAMS 0x0000000081100000, 0x0000000081100000| Untracked 
|  18|0x0000000081200000, 0x0000000081200000, 0x0000000081300000|  0%| F|  |TAMS 0x0000000081200000, 0x0000000081200000| Untracked 
|  19|0x0000000081300000, 0x0000000081300000, 0x0000000081400000|  0%| F|  |TAMS 0x0000000081300000, 0x0000000081300000| Untracked 
|  20|0x0000000081400000, 0x0000000081400000, 0x0000000081500000|  0%| F|  |TAMS 0x0000000081400000, 0x0000000081400000| Untracked 
|  21|0x0000000081500000, 0x0000000081500000, 0x0000000081600000|  0%| F|  |TAMS 0x0000000081500000, 0x0000000081500000| Untracked 
|  22|0x0000000081600000, 0x0000000081600000, 0x0000000081700000|  0%| F|  |TAMS 0x0000000081600000, 0x0000000081600000| Untracked 
|  23|0x0000000081700000, 0x0000000081700000, 0x0000000081800000|  0%| F|  |TAMS 0x0000000081700000, 0x0000000081700000| Untracked 
|  24|0x0000000081800000, 0x0000000081800000, 0x0000000081900000|  0%| F|  |TAMS 0x0000000081800000, 0x0000000081800000| Untracked 
|  25|0x0000000081900000, 0x0000000081900000, 0x0000000081a00000|  0%| F|  |TAMS 0x0000000081900000, 0x0000000081900000| Untracked 
|  26|0x0000000081a00000, 0x0000000081a00000, 0x0000000081b00000|  0%| F|  |TAMS 0x0000000081a00000, 0x0000000081a00000| Untracked 
|  27|0x0000000081b00000, 0x0000000081b00000, 0x0000000081c00000|  0%| F|  |TAMS 0x0000000081b00000, 0x0000000081b00000| Untracked 
|  28|0x0000000081c00000, 0x0000000081c00000, 0x0000000081d00000|  0%| F|  |TAMS 0x0000000081c00000, 0x0000000081c00000| Untracked 
|  29|0x0000000081d00000, 0x0000000081d00000, 0x0000000081e00000|  0%| F|  |TAMS 0x0000000081d00000, 0x0000000081d00000| Untracked 
|  30|0x0000000081e00000, 0x0000000081e00000, 0x0000000081f00000|  0%| F|  |TAMS 0x0000000081e00000, 0x0000000081e00000| Untracked 
|  31|0x0000000081f00000, 0x0000000081f00000, 0x0000000082000000|  0%| F|  |TAMS 0x0000000081f00000, 0x0000000081f00000| Untracked 
|  32|0x0000000082000000, 0x0000000082000000, 0x0000000082100000|  0%| F|  |TAMS 0x0000000082000000, 0x0000000082000000| Untracked 
|  33|0x0000000082100000, 0x0000000082100000, 0x0000000082200000|  0%| F|  |TAMS 0x0000000082100000, 0x0000000082100000| Untracked 
|  34|0x0000000082200000, 0x0000000082200000, 0x0000000082300000|  0%| F|  |TAMS 0x0000000082200000, 0x0000000082200000| Untracked 
|  35|0x0000000082300000, 0x0000000082300000, 0x0000000082400000|  0%| F|  |TAMS 0x0000000082300000, 0x0000000082300000| Untracked 
|  36|0x0000000082400000, 0x0000000082400000, 0x0000000082500000|  0%| F|  |TAMS 0x0000000082400000, 0x0000000082400000| Untracked 
|  37|0x0000000082500000, 0x0000000082500000, 0x0000000082600000|  0%| F|  |TAMS 0x0000000082500000, 0x0000000082500000| Untracked 
|  38|0x0000000082600000, 0x0000000082600000, 0x0000000082700000|  0%| F|  |TAMS 0x0000000082600000, 0x0000000082600000| Untracked 
|  39|0x0000000082700000, 0x0000000082700000, 0x0000000082800000|  0%| F|  |TAMS 0x0000000082700000, 0x0000000082700000| Untracked 
|  40|0x0000000082800000, 0x0000000082800000, 0x0000000082900000|  0%| F|  |TAMS 0x0000000082800000, 0x0000000082800000| Untracked 
|  41|0x0000000082900000, 0x0000000082900000, 0x0000000082a00000|  0%| F|  |TAMS 0x0000000082900000, 0x0000000082900000| Untracked 
|  42|0x0000000082a00000, 0x0000000082a00000, 0x0000000082b00000|  0%| F|  |TAMS 0x0000000082a00000, 0x0000000082a00000| Untracked 
|  43|0x0000000082b00000, 0x0000000082b00000, 0x0000000082c00000|  0%| F|  |TAMS 0x0000000082b00000, 0x0000000082b00000| Untracked 
|  44|0x0000000082c00000, 0x0000000082c00000, 0x0000000082d00000|  0%| F|  |TAMS 0x0000000082c00000, 0x0000000082c00000| Untracked 
|  45|0x0000000082d00000, 0x0000000082d00000, 0x0000000082e00000|  0%| F|  |TAMS 0x0000000082d00000, 0x0000000082d00000| Untracked 
|  46|0x0000000082e00000, 0x0000000082e00000, 0x0000000082f00000|  0%| F|  |TAMS 0x0000000082e00000, 0x0000000082e00000| Untracked 
|  47|0x0000000082f00000, 0x0000000082f00000, 0x0000000083000000|  0%| F|  |TAMS 0x0000000082f00000, 0x0000000082f00000| Untracked 
|  48|0x0000000083000000, 0x0000000083000000, 0x0000000083100000|  0%| F|  |TAMS 0x0000000083000000, 0x0000000083000000| Untracked 
|  49|0x0000000083100000, 0x0000000083100000, 0x0000000083200000|  0%| F|  |TAMS 0x0000000083100000, 0x0000000083100000| Untracked 
|  50|0x0000000083200000, 0x0000000083200000, 0x0000000083300000|  0%| F|  |TAMS 0x0000000083200000, 0x0000000083200000| Untracked 
|  51|0x0000000083300000, 0x0000000083300000, 0x0000000083400000|  0%| F|  |TAMS 0x0000000083300000, 0x0000000083300000| Untracked 
|  52|0x0000000083400000, 0x0000000083400000, 0x0000000083500000|  0%| F|  |TAMS 0x0000000083400000, 0x0000000083400000| Untracked 
|  53|0x0000000083500000, 0x0000000083500000, 0x0000000083600000|  0%| F|  |TAMS 0x0000000083500000, 0x0000000083500000| Untracked 
|  54|0x0000000083600000, 0x0000000083600000, 0x0000000083700000|  0%| F|  |TAMS 0x0000000083600000, 0x0000000083600000| Untracked 
|  55|0x0000000083700000, 0x0000000083700000, 0x0000000083800000|  0%| F|  |TAMS 0x0000000083700000, 0x0000000083700000| Untracked 
|  56|0x0000000083800000, 0x0000000083800000, 0x0000000083900000|  0%| F|  |TAMS 0x0000000083800000, 0x0000000083800000| Untracked 
|  57|0x0000000083900000, 0x0000000083900000, 0x0000000083a00000|  0%| F|  |TAMS 0x0000000083900000, 0x0000000083900000| Untracked 
|  58|0x0000000083a00000, 0x0000000083a00000, 0x0000000083b00000|  0%| F|  |TAMS 0x0000000083a00000, 0x0000000083a00000| Untracked 
|  59|0x0000000083b00000, 0x0000000083b00000, 0x0000000083c00000|  0%| F|  |TAMS 0x0000000083b00000, 0x0000000083b00000| Untracked 
|  60|0x0000000083c00000, 0x0000000083c4a8b0, 0x0000000083d00000| 29%| S|CS|TAMS 0x0000000083c00000, 0x0000000083c00000| Complete 
|  61|0x0000000083d00000, 0x0000000083e00000, 0x0000000083e00000|100%| S|CS|TAMS 0x0000000083d00000, 0x0000000083d00000| Complete 
|  62|0x0000000083e00000, 0x0000000083f00000, 0x0000000083f00000|100%| S|CS|TAMS 0x0000000083e00000, 0x0000000083e00000| Complete 
|  63|0x0000000083f00000, 0x0000000084000000, 0x0000000084000000|100%| S|CS|TAMS 0x0000000083f00000, 0x0000000083f00000| Complete 
|  64|0x0000000084000000, 0x0000000084100000, 0x0000000084100000|100%| S|CS|TAMS 0x0000000084000000, 0x0000000084000000| Complete 
|  65|0x0000000084100000, 0x0000000084100000, 0x0000000084200000|  0%| F|  |TAMS 0x0000000084100000, 0x0000000084100000| Untracked 
|  66|0x0000000084200000, 0x0000000084200000, 0x0000000084300000|  0%| F|  |TAMS 0x0000000084200000, 0x0000000084200000| Untracked 
|  67|0x0000000084300000, 0x0000000084300000, 0x0000000084400000|  0%| F|  |TAMS 0x0000000084300000, 0x0000000084300000| Untracked 
|  68|0x0000000084400000, 0x0000000084400000, 0x0000000084500000|  0%| F|  |TAMS 0x0000000084400000, 0x0000000084400000| Untracked 
|  69|0x0000000084500000, 0x0000000084500000, 0x0000000084600000|  0%| F|  |TAMS 0x0000000084500000, 0x0000000084500000| Untracked 
|  70|0x0000000084600000, 0x0000000084600000, 0x0000000084700000|  0%| F|  |TAMS 0x0000000084600000, 0x0000000084600000| Untracked 
|  71|0x0000000084700000, 0x0000000084700000, 0x0000000084800000|  0%| F|  |TAMS 0x0000000084700000, 0x0000000084700000| Untracked 
|  72|0x0000000084800000, 0x0000000084800000, 0x0000000084900000|  0%| F|  |TAMS 0x0000000084800000, 0x0000000084800000| Untracked 
|  73|0x0000000084900000, 0x0000000084900000, 0x0000000084a00000|  0%| F|  |TAMS 0x0000000084900000, 0x0000000084900000| Untracked 
|  74|0x0000000084a00000, 0x0000000084a00000, 0x0000000084b00000|  0%| F|  |TAMS 0x0000000084a00000, 0x0000000084a00000| Untracked 
|  75|0x0000000084b00000, 0x0000000084b00000, 0x0000000084c00000|  0%| F|  |TAMS 0x0000000084b00000, 0x0000000084b00000| Untracked 
|  76|0x0000000084c00000, 0x0000000084c00000, 0x0000000084d00000|  0%| F|  |TAMS 0x0000000084c00000, 0x0000000084c00000| Untracked 
|  77|0x0000000084d00000, 0x0000000084d00000, 0x0000000084e00000|  0%| F|  |TAMS 0x0000000084d00000, 0x0000000084d00000| Untracked 
|  78|0x0000000084e00000, 0x0000000084e00000, 0x0000000084f00000|  0%| F|  |TAMS 0x0000000084e00000, 0x0000000084e00000| Untracked 
|  79|0x0000000084f00000, 0x0000000084f00000, 0x0000000085000000|  0%| F|  |TAMS 0x0000000084f00000, 0x0000000084f00000| Untracked 
|  80|0x0000000085000000, 0x0000000085000000, 0x0000000085100000|  0%| F|  |TAMS 0x0000000085000000, 0x0000000085000000| Untracked 
|  81|0x0000000085100000, 0x0000000085100000, 0x0000000085200000|  0%| F|  |TAMS 0x0000000085100000, 0x0000000085100000| Untracked 
|  82|0x0000000085200000, 0x0000000085200000, 0x0000000085300000|  0%| F|  |TAMS 0x0000000085200000, 0x0000000085200000| Untracked 
|  83|0x0000000085300000, 0x0000000085300000, 0x0000000085400000|  0%| F|  |TAMS 0x0000000085300000, 0x0000000085300000| Untracked 
|  84|0x0000000085400000, 0x0000000085400000, 0x0000000085500000|  0%| F|  |TAMS 0x0000000085400000, 0x0000000085400000| Untracked 
|  85|0x0000000085500000, 0x0000000085500000, 0x0000000085600000|  0%| F|  |TAMS 0x0000000085500000, 0x0000000085500000| Untracked 
|  86|0x0000000085600000, 0x0000000085600000, 0x0000000085700000|  0%| F|  |TAMS 0x0000000085600000, 0x0000000085600000| Untracked 
|  87|0x0000000085700000, 0x0000000085700000, 0x0000000085800000|  0%| F|  |TAMS 0x0000000085700000, 0x0000000085700000| Untracked 
|  88|0x0000000085800000, 0x0000000085800000, 0x0000000085900000|  0%| F|  |TAMS 0x0000000085800000, 0x0000000085800000| Untracked 
|  89|0x0000000085900000, 0x0000000085900000, 0x0000000085a00000|  0%| F|  |TAMS 0x0000000085900000, 0x0000000085900000| Untracked 
|  90|0x0000000085a00000, 0x0000000085a00000, 0x0000000085b00000|  0%| F|  |TAMS 0x0000000085a00000, 0x0000000085a00000| Untracked 
|  91|0x0000000085b00000, 0x0000000085b00000, 0x0000000085c00000|  0%| F|  |TAMS 0x0000000085b00000, 0x0000000085b00000| Untracked 
|  92|0x0000000085c00000, 0x0000000085c00000, 0x0000000085d00000|  0%| F|  |TAMS 0x0000000085c00000, 0x0000000085c00000| Untracked 
|  93|0x0000000085d00000, 0x0000000085d00000, 0x0000000085e00000|  0%| F|  |TAMS 0x0000000085d00000, 0x0000000085d00000| Untracked 
|  94|0x0000000085e00000, 0x0000000085e00000, 0x0000000085f00000|  0%| F|  |TAMS 0x0000000085e00000, 0x0000000085e00000| Untracked 
|  95|0x0000000085f00000, 0x0000000085f00000, 0x0000000086000000|  0%| F|  |TAMS 0x0000000085f00000, 0x0000000085f00000| Untracked 
|  96|0x0000000086000000, 0x0000000086000000, 0x0000000086100000|  0%| F|  |TAMS 0x0000000086000000, 0x0000000086000000| Untracked 
|  97|0x0000000086100000, 0x0000000086100000, 0x0000000086200000|  0%| F|  |TAMS 0x0000000086100000, 0x0000000086100000| Untracked 
|  98|0x0000000086200000, 0x0000000086200000, 0x0000000086300000|  0%| F|  |TAMS 0x0000000086200000, 0x0000000086200000| Untracked 
|  99|0x0000000086300000, 0x0000000086300000, 0x0000000086400000|  0%| F|  |TAMS 0x0000000086300000, 0x0000000086300000| Untracked 
| 100|0x0000000086400000, 0x0000000086400000, 0x0000000086500000|  0%| F|  |TAMS 0x0000000086400000, 0x0000000086400000| Untracked 
| 101|0x0000000086500000, 0x0000000086500000, 0x0000000086600000|  0%| F|  |TAMS 0x0000000086500000, 0x0000000086500000| Untracked 
| 102|0x0000000086600000, 0x0000000086600000, 0x0000000086700000|  0%| F|  |TAMS 0x0000000086600000, 0x0000000086600000| Untracked 
| 103|0x0000000086700000, 0x0000000086700000, 0x0000000086800000|  0%| F|  |TAMS 0x0000000086700000, 0x0000000086700000| Untracked 
| 104|0x0000000086800000, 0x0000000086800000, 0x0000000086900000|  0%| F|  |TAMS 0x0000000086800000, 0x0000000086800000| Untracked 
| 105|0x0000000086900000, 0x0000000086900000, 0x0000000086a00000|  0%| F|  |TAMS 0x0000000086900000, 0x0000000086900000| Untracked 
| 106|0x0000000086a00000, 0x0000000086a00000, 0x0000000086b00000|  0%| F|  |TAMS 0x0000000086a00000, 0x0000000086a00000| Untracked 
| 107|0x0000000086b00000, 0x0000000086b80800, 0x0000000086c00000| 50%| E|  |TAMS 0x0000000086b00000, 0x0000000086b00000| Complete 
| 108|0x0000000086c00000, 0x0000000086d00000, 0x0000000086d00000|100%| E|CS|TAMS 0x0000000086c00000, 0x0000000086c00000| Complete 
| 109|0x0000000086d00000, 0x0000000086e00000, 0x0000000086e00000|100%| E|CS|TAMS 0x0000000086d00000, 0x0000000086d00000| Complete 
| 110|0x0000000086e00000, 0x0000000086f00000, 0x0000000086f00000|100%| E|CS|TAMS 0x0000000086e00000, 0x0000000086e00000| Complete 
| 111|0x0000000086f00000, 0x0000000087000000, 0x0000000087000000|100%| E|CS|TAMS 0x0000000086f00000, 0x0000000086f00000| Complete 
| 112|0x0000000087000000, 0x0000000087100000, 0x0000000087100000|100%| E|CS|TAMS 0x0000000087000000, 0x0000000087000000| Complete 
| 113|0x0000000087100000, 0x0000000087200000, 0x0000000087200000|100%| E|CS|TAMS 0x0000000087100000, 0x0000000087100000| Complete 
| 114|0x0000000087200000, 0x0000000087300000, 0x0000000087300000|100%| E|CS|TAMS 0x0000000087200000, 0x0000000087200000| Complete 
| 115|0x0000000087300000, 0x0000000087400000, 0x0000000087400000|100%| E|CS|TAMS 0x0000000087300000, 0x0000000087300000| Complete 
| 116|0x0000000087400000, 0x0000000087500000, 0x0000000087500000|100%| E|CS|TAMS 0x0000000087400000, 0x0000000087400000| Complete 
| 117|0x0000000087500000, 0x0000000087600000, 0x0000000087600000|100%| E|CS|TAMS 0x0000000087500000, 0x0000000087500000| Complete 
| 118|0x0000000087600000, 0x0000000087700000, 0x0000000087700000|100%| E|CS|TAMS 0x0000000087600000, 0x0000000087600000| Complete 
| 119|0x0000000087700000, 0x0000000087800000, 0x0000000087800000|100%| E|CS|TAMS 0x0000000087700000, 0x0000000087700000| Complete 
| 120|0x0000000087800000, 0x0000000087900000, 0x0000000087900000|100%| E|CS|TAMS 0x0000000087800000, 0x0000000087800000| Complete 
| 121|0x0000000087900000, 0x0000000087a00000, 0x0000000087a00000|100%| E|CS|TAMS 0x0000000087900000, 0x0000000087900000| Complete 
| 122|0x0000000087a00000, 0x0000000087b00000, 0x0000000087b00000|100%| E|CS|TAMS 0x0000000087a00000, 0x0000000087a00000| Complete 
| 123|0x0000000087b00000, 0x0000000087c00000, 0x0000000087c00000|100%| E|CS|TAMS 0x0000000087b00000, 0x0000000087b00000| Complete 

Card table byte_map: [0x0000024528c10000,0x0000024529010000] _byte_map_base: 0x0000024528810000

Marking Bits (Prev, Next): (CMBitMap*) 0x00000245159f4280, (CMBitMap*) 0x00000245159f4248
 Prev Bits: [0x000002452b410000, 0x000002452d410000)
 Next Bits: [0x0000024529410000, 0x000002452b410000)

Polling page: 0x0000024513900000

Metaspace:

Usage:
  Non-class:     27.85 MB capacity,    27.29 MB ( 98%) used,   488.71 KB (  2%) free+waste,    76.69 KB ( <1%) overhead. 
      Class:      4.48 MB capacity,     4.17 MB ( 93%) used,   273.75 KB (  6%) free+waste,    38.44 KB ( <1%) overhead. 
       Both:     32.32 MB capacity,    31.47 MB ( 97%) used,   762.46 KB (  2%) free+waste,   115.12 KB ( <1%) overhead. 

Virtual space:
  Non-class space:       28.00 MB reserved,      27.92 MB (>99%) committed 
      Class space:        1.00 GB reserved,       4.50 MB ( <1%) committed 
             Both:        1.03 GB reserved,      32.42 MB (  3%) committed 

Chunk freelists:
   Non-Class:  13.00 KB
       Class:  0 bytes
        Both:  13.00 KB

MaxMetaspaceSize: 17179869184.00 GB
CompressedClassSpaceSize: 1.00 GB
Initial GC threshold: 20.80 MB
Current GC threshold: 35.08 MB
CDS: off

CodeHeap 'non-profiled nmethods': size=120000Kb used=1313Kb max_used=1313Kb free=118686Kb
 bounds [0x0000024520fb0000, 0x0000024521220000, 0x00000245284e0000]
CodeHeap 'profiled nmethods': size=120000Kb used=6072Kb max_used=6072Kb free=113928Kb
 bounds [0x0000024519a80000, 0x000002451a070000, 0x0000024520fb0000]
CodeHeap 'non-nmethods': size=5760Kb used=1249Kb max_used=1283Kb free=4511Kb
 bounds [0x00000245194e0000, 0x0000024519750000, 0x0000024519a80000]
 total_blobs=3326 nmethods=2810 adapters=428
 compilation: enabled
              stopped_count=0, restarted_count=0
 full_count=0

Compilation events (20 events):
Event: 43.229 Thread 0x000002452fe96000 2795       3       org.gradle.internal.instantiation.generator.AbstractClassGenerator$MethodMetadata::shouldOverride (29 bytes)
Event: 43.230 Thread 0x000002452fe96000 nmethod 2795 0x000002451a05a890 code [0x000002451a05aa60, 0x000002451a05ad98]
Event: 43.230 Thread 0x000002452fe96000 2797       3       org.objectweb.asm.MethodWriter::visitMaxs (60 bytes)
Event: 43.231 Thread 0x000002452fe96000 nmethod 2797 0x000002451a05ae90 code [0x000002451a05b060, 0x000002451a05b2d8]
Event: 43.231 Thread 0x000002452fe96000 2798       3       org.objectweb.asm.MethodWriter::visitEnd (1 bytes)
Event: 43.231 Thread 0x000002452fe96000 nmethod 2798 0x000002451a05b390 code [0x000002451a05b540, 0x000002451a05b638]
Event: 43.233 Thread 0x000002452fe96000 2799       3       org.gradle.internal.instantiation.generator.AbstractClassGenerator$PropertyMetadata::hasAnnotation (14 bytes)
Event: 43.235 Thread 0x000002452fe96000 nmethod 2799 0x000002451a05b710 code [0x000002451a05ba60, 0x000002451a05cf48]
Event: 43.235 Thread 0x000002452fe96000 2800       3       org.gradle.internal.instantiation.generator.AbstractClassGenerator$PropertyMetadata::findAnnotation (22 bytes)
Event: 43.239 Thread 0x000002452fe96000 nmethod 2800 0x000002451a05d690 code [0x000002451a05d9c0, 0x000002451a05ede8]
Event: 43.239 Thread 0x000002452fe96000 2802       3       org.objectweb.asm.MethodWriter::putMethodInfo (1274 bytes)
Event: 43.247 Thread 0x000002452fe96000 nmethod 2802 0x000002451a05f510 code [0x000002451a05fbe0, 0x000002451a0623a8]
Event: 43.247 Thread 0x000002452fe96000 2803       3       org.objectweb.asm.Handler::putExceptionTable (63 bytes)
Event: 43.248 Thread 0x000002452fe96000 nmethod 2803 0x000002451a063710 code [0x000002451a063940, 0x000002451a063da8]
Event: 43.248 Thread 0x000002452fe96000 2801       3       java.util.Optional::orElseGet (21 bytes)
Event: 43.248 Thread 0x000002452fe96000 nmethod 2801 0x000002451a064090 code [0x000002451a064260, 0x000002451a064468]
Event: 43.257 Thread 0x000002452fe96000 2804       3       java.lang.reflect.Constructor::getParameterTypes (11 bytes)
Event: 43.259 Thread 0x000002452fe96000 nmethod 2804 0x000002451a064510 code [0x000002451a0646e0, 0x000002451a064988]
Event: 43.265 Thread 0x000002452fe96000 2805       3       java.lang.ThreadLocal$ThreadLocalMap::set (136 bytes)
Event: 43.267 Thread 0x000002452fe96000 nmethod 2805 0x000002451a064a90 code [0x000002451a064d00, 0x000002451a065888]

GC Heap History (10 events):
Event: 5.916 GC heap before
{Heap before GC invocations=0 (full 0):
 garbage-first heap   total 126976K, used 27648K [0x0000000080000000, 0x0000000100000000)
  region size 1024K, 24 young (24576K), 0 survivors (0K)
 Metaspace       used 10074K, capacity 10324K, committed 10624K, reserved 1058816K
  class space    used 1022K, capacity 1105K, committed 1152K, reserved 1048576K
}
Event: 5.931 GC heap after
{Heap after GC invocations=1 (full 0):
 garbage-first heap   total 126976K, used 10330K [0x0000000080000000, 0x0000000100000000)
  region size 1024K, 3 young (3072K), 3 survivors (3072K)
 Metaspace       used 10074K, capacity 10324K, committed 10624K, reserved 1058816K
  class space    used 1022K, capacity 1105K, committed 1152K, reserved 1048576K
}
Event: 34.682 GC heap before
{Heap before GC invocations=1 (full 0):
 garbage-first heap   total 126976K, used 84058K [0x0000000080000000, 0x0000000100000000)
  region size 1024K, 74 young (75776K), 3 survivors (3072K)
 Metaspace       used 18100K, capacity 18556K, committed 18688K, reserved 1064960K
  class space    used 2083K, capacity 2212K, committed 2304K, reserved 1048576K
}
Event: 34.792 GC heap after
{Heap after GC invocations=2 (full 0):
 garbage-first heap   total 126976K, used 17316K [0x0000000080000000, 0x0000000100000000)
  region size 1024K, 10 young (10240K), 10 survivors (10240K)
 Metaspace       used 18100K, capacity 18556K, committed 18688K, reserved 1064960K
  class space    used 2083K, capacity 2212K, committed 2304K, reserved 1048576K
}
Event: 36.679 GC heap before
{Heap before GC invocations=2 (full 0):
 garbage-first heap   total 126976K, used 36772K [0x0000000080000000, 0x0000000100000000)
  region size 1024K, 31 young (31744K), 10 survivors (10240K)
 Metaspace       used 20742K, capacity 21217K, committed 21296K, reserved 1069056K
  class space    used 2483K, capacity 2681K, committed 2688K, reserved 1048576K
}
Event: 36.709 GC heap after
{Heap after GC invocations=3 (full 0):
 garbage-first heap   total 126976K, used 18311K [0x0000000080000000, 0x0000000100000000)
  region size 1024K, 2 young (2048K), 2 survivors (2048K)
 Metaspace       used 20742K, capacity 21217K, committed 21296K, reserved 1069056K
  class space    used 2483K, capacity 2681K, committed 2688K, reserved 1048576K
}
Event: 39.915 GC heap before
{Heap before GC invocations=4 (full 0):
 garbage-first heap   total 126976K, used 67463K [0x0000000080000000, 0x0000000100000000)
  region size 1024K, 50 young (51200K), 2 survivors (2048K)
 Metaspace       used 24881K, capacity 25552K, committed 25648K, reserved 1071104K
  class space    used 3158K, capacity 3383K, committed 3456K, reserved 1048576K
}
Event: 39.925 GC heap after
{Heap after GC invocations=5 (full 0):
 garbage-first heap   total 126976K, used 19702K [0x0000000080000000, 0x0000000100000000)
  region size 1024K, 3 young (3072K), 3 survivors (3072K)
 Metaspace       used 24881K, capacity 25552K, committed 25648K, reserved 1071104K
  class space    used 3158K, capacity 3383K, committed 3456K, reserved 1048576K
}
Event: 42.867 GC heap before
{Heap before GC invocations=5 (full 0):
 garbage-first heap   total 126976K, used 77046K [0x0000000080000000, 0x0000000100000000)
  region size 1024K, 59 young (60416K), 3 survivors (3072K)
 Metaspace       used 30258K, capacity 31032K, committed 31152K, reserved 1077248K
  class space    used 3996K, capacity 4279K, committed 4352K, reserved 1048576K
}
Event: 42.882 GC heap after
{Heap after GC invocations=6 (full 0):
 garbage-first heap   total 126976K, used 21591K [0x0000000080000000, 0x0000000100000000)
  region size 1024K, 5 young (5120K), 5 survivors (5120K)
 Metaspace       used 30258K, capacity 31032K, committed 31152K, reserved 1077248K
  class space    used 3996K, capacity 4279K, committed 4352K, reserved 1048576K
}

Deoptimization events (20 events):
Event: 40.031 Thread 0x000002453201b800 Uncommon trap: trap_request=0xffffff4d fr.pc=0x00000245210a0768 relative=0x00000000000006e8
Event: 40.031 Thread 0x000002453201b800 Uncommon trap: reason=unstable_if action=reinterpret pc=0x00000245210a0768 method=java.util.HashMap.hash(Ljava/lang/Object;)I @ 1 c2
Event: 40.031 Thread 0x000002453201b800 DEOPT PACKING pc=0x00000245210a0768 sp=0x000000e8930f9eb0
Event: 40.031 Thread 0x000002453201b800 DEOPT UNPACKING pc=0x00000245194e85af sp=0x000000e8930f9e30 mode 2
Event: 40.378 Thread 0x000002453201b800 Uncommon trap: trap_request=0xffffff7e fr.pc=0x00000245210d5990 relative=0x0000000000000150
Event: 40.378 Thread 0x000002453201b800 Uncommon trap: reason=predicate action=maybe_recompile pc=0x00000245210d5990 method=com.google.common.base.CharMatcher.indexIn(Ljava/lang/CharSequence;I)I @ 19 c2
Event: 40.378 Thread 0x000002453201b800 DEOPT PACKING pc=0x00000245210d5990 sp=0x000000e8930fb840
Event: 40.378 Thread 0x000002453201b800 DEOPT UNPACKING pc=0x00000245194e85af sp=0x000000e8930fb7d0 mode 2
Event: 40.561 Thread 0x000002453201b800 Uncommon trap: trap_request=0xffffff4d fr.pc=0x0000024520fd678c relative=0x000000000000044c
Event: 40.561 Thread 0x000002453201b800 Uncommon trap: reason=unstable_if action=reinterpret pc=0x0000024520fd678c method=java.util.Properties$LineReader.readLine()I @ 249 c2
Event: 40.561 Thread 0x000002453201b800 DEOPT PACKING pc=0x0000024520fd678c sp=0x000000e8930fb580
Event: 40.561 Thread 0x000002453201b800 DEOPT UNPACKING pc=0x00000245194e85af sp=0x000000e8930fb510 mode 2
Event: 40.868 Thread 0x000002453201b800 DEOPT PACKING pc=0x0000024519e86279 sp=0x000000e8930f8310
Event: 40.868 Thread 0x000002453201b800 DEOPT UNPACKING pc=0x0000024519529d0e sp=0x000000e8930f7858 mode 0
Event: 40.891 Thread 0x000002453201b800 DEOPT PACKING pc=0x0000024519e174e8 sp=0x000000e8930f8fc0
Event: 40.891 Thread 0x000002453201b800 DEOPT UNPACKING pc=0x0000024519529d0e sp=0x000000e8930f84c8 mode 0
Event: 41.292 Thread 0x000002453201b800 Uncommon trap: trap_request=0xffffff4d fr.pc=0x000002452108f34c relative=0x000000000000020c
Event: 41.292 Thread 0x000002453201b800 Uncommon trap: reason=unstable_if action=reinterpret pc=0x000002452108f34c method=java.util.HashMap.hash(Ljava/lang/Object;)I @ 1 c2
Event: 41.292 Thread 0x000002453201b800 DEOPT PACKING pc=0x000002452108f34c sp=0x000000e8930f8000
Event: 41.292 Thread 0x000002453201b800 DEOPT UNPACKING pc=0x00000245194e85af sp=0x000000e8930f7f38 mode 2

Classes redefined (0 events):
No events

Internal exceptions (20 events):
Event: 38.026 Thread 0x000002453201b800 Exception <a 'java/lang/NoSuchMethodError'{0x00000000863565d0}: 'java.lang.Object java.lang.invoke.DirectMethodHandle$Holder.invokeInterface(java.lang.Object, java.lang.Object, java.lang.Object)'> (0x00000000863565d0) thrown at [src/hotspot/share/interpreter/linkResolver.cpp, line 773]
Event: 38.027 Thread 0x000002453201b800 Exception <a 'java/lang/IncompatibleClassChangeError'{0x0000000086359aa8}: Found class java.lang.Object, but interface was expected> (0x0000000086359aa8) thrown at [src/hotspot/share/interpreter/linkResolver.cpp, line 839]
Event: 39.646 Thread 0x000002453201b800 Exception <a 'java/lang/NoSuchMethodError'{0x0000000085194670}: 'java.lang.Object java.lang.invoke.DirectMethodHandle$Holder.invokeVirtual(java.lang.Object, java.lang.Object, java.lang.Object, java.lang.Object)'> (0x0000000085194670) thrown at [src/hotspot/share/interpreter/linkResolver.cpp, line 773]
Event: 39.775 Thread 0x000002453201b800 Exception <a 'java/lang/NoSuchMethodError'{0x0000000084e49a10}: 'java.lang.Object java.lang.invoke.Invokers$Holder.linkToTargetMethod(java.lang.Object, java.lang.Object, java.lang.Object, java.lang.Object, java.lang.Object, java.lang.Object, java.lang.Object)'> (0x0000000084e49a10) thrown at [src/hotspot/share/interpreter/linkResolver.cpp, line 773]
Event: 39.848 Thread 0x000002453201b800 Exception <a 'java/lang/NoSuchMethodError'{0x0000000084de10b0}: 'java.lang.Object java.lang.invoke.DirectMethodHandle$Holder.invokeVirtual(java.lang.Object, java.lang.Object, java.lang.Object, java.lang.Object, java.lang.Object, java.lang.Object, java.lang.Object, java.lang.Object, java.lang.Object, java.lang.Object, java.lang.Object, java.lang.Object, java.lang.Object, java.lang.Object, java.lang.Object, java.lang.Object, java.lang.Object, java.lang.Object, java.lang.Object, java.lang.Object, java.lang.Ob
Event: 40.014 Thread 0x000002453201b800 Exception <a 'java/lang/NoSuchMethodError'{0x000000008787aa88}: 'void java.lang.invoke.DirectMethodHandle$Holder.invokeStatic(java.lang.Object, java.lang.Object, java.lang.Object, java.lang.Object, java.lang.Object)'> (0x000000008787aa88) thrown at [src/hotspot/share/interpreter/linkResolver.cpp, line 773]
Event: 40.031 Thread 0x000002453201b800 Implicit null exception at 0x00000245210a00bb to 0x00000245210a074e
Event: 40.224 Thread 0x000002453201b800 Exception <a 'java/lang/NoSuchMethodError'{0x000000008700a408}: 'void java.lang.invoke.DirectMethodHandle$Holder.invokeStaticInit(java.lang.Object, java.lang.Object)'> (0x000000008700a408) thrown at [src/hotspot/share/interpreter/linkResolver.cpp, line 773]
Event: 40.457 Thread 0x000002453201b800 Exception <a 'java/lang/NoSuchMethodError'{0x0000000086a77c38}: 'void java.lang.invoke.DirectMethodHandle$Holder.invokeStatic(java.lang.Object, java.lang.Object, java.lang.Object, java.lang.Object)'> (0x0000000086a77c38) thrown at [src/hotspot/share/interpreter/linkResolver.cpp, line 773]
Event: 40.463 Thread 0x000002453201b800 Exception <a 'java/lang/NoSuchMethodError'{0x0000000086ac6cb0}: 'int java.lang.invoke.DirectMethodHandle$Holder.invokeVirtual(java.lang.Object, java.lang.Object)'> (0x0000000086ac6cb0) thrown at [src/hotspot/share/interpreter/linkResolver.cpp, line 773]
Event: 40.473 Thread 0x000002453201b800 Exception <a 'java/lang/NoSuchMethodError'{0x0000000086904df8}: 'int java.lang.invoke.DirectMethodHandle$Holder.invokeVirtual(java.lang.Object, java.lang.Object, java.lang.Object)'> (0x0000000086904df8) thrown at [src/hotspot/share/interpreter/linkResolver.cpp, line 773]
Event: 40.927 Thread 0x000002453201b800 Exception <a 'java/lang/NoSuchMethodError'{0x00000000859ef6d8}: 'java.lang.Object java.lang.invoke.DirectMethodHandle$Holder.invokeSpecialIFC(java.lang.Object, java.lang.Object, java.lang.Object, java.lang.Object)'> (0x00000000859ef6d8) thrown at [src/hotspot/share/interpreter/linkResolver.cpp, line 773]
Event: 41.292 Thread 0x000002453201b800 Implicit null exception at 0x000002452108f175 to 0x000002452108f33c
Event: 41.593 Thread 0x000002453201b800 Exception <a 'java/lang/NoSuchMethodError'{0x0000000084eebdf8}: 'java.lang.Object java.lang.invoke.DirectMethodHandle$Holder.invokeSpecial(java.lang.Object, java.lang.Object, java.lang.Object, java.lang.Object, java.lang.Object, java.lang.Object, java.lang.Object, java.lang.Object, java.lang.Object, java.lang.Object, java.lang.Object, java.lang.Object, java.lang.Object)'> (0x0000000084eebdf8) thrown at [src/hotspot/share/interpreter/linkResolver.cpp, line 773]
Event: 41.595 Thread 0x000002453201b800 Exception <a 'java/lang/NoSuchMethodError'{0x0000000084efc440}: 'java.lang.Object java.lang.invoke.Invokers$Holder.linkToTargetMethod(java.lang.Object, java.lang.Object, java.lang.Object, java.lang.Object, java.lang.Object, java.lang.Object, java.lang.Object, java.lang.Object, java.lang.Object, java.lang.Object, java.lang.Object)'> (0x0000000084efc440) thrown at [src/hotspot/share/interpreter/linkResolver.cpp, line 773]
Event: 41.613 Thread 0x000002453201b800 Exception <a 'java/lang/NoSuchMethodError'{0x0000000084da0d38}: 'java.lang.Object java.lang.invoke.DirectMethodHandle$Holder.invokeSpecial(java.lang.Object, java.lang.Object, java.lang.Object, java.lang.Object, java.lang.Object, java.lang.Object, java.lang.Object, java.lang.Object, java.lang.Object, java.lang.Object, java.lang.Object, java.lang.Object, java.lang.Object, java.lang.Object)'> (0x0000000084da0d38) thrown at [src/hotspot/share/interpreter/linkResolver.cpp, line 773]
Event: 41.617 Thread 0x000002453201b800 Exception <a 'java/lang/NoSuchMethodError'{0x0000000084db22f8}: 'java.lang.Object java.lang.invoke.Invokers$Holder.linkToTargetMethod(java.lang.Object, java.lang.Object, java.lang.Object, java.lang.Object, java.lang.Object, java.lang.Object, java.lang.Object, java.lang.Object, java.lang.Object, java.lang.Object, java.lang.Object, java.lang.Object)'> (0x0000000084db22f8) thrown at [src/hotspot/share/interpreter/linkResolver.cpp, line 773]
Event: 41.934 Thread 0x000002453201b800 Exception <a 'java/lang/NoSuchMethodError'{0x0000000084cd24c8}: 'java.lang.Object java.lang.invoke.DirectMethodHandle$Holder.invokeStaticInit(java.lang.Object, java.lang.Object, java.lang.Object, java.lang.Object)'> (0x0000000084cd24c8) thrown at [src/hotspot/share/interpreter/linkResolver.cpp, line 773]
Event: 43.083 Thread 0x000002453201b800 Exception <a 'java/lang/NoSuchMethodError'{0x00000000875b7038}: 'java.lang.Object java.lang.invoke.Invokers$Holder.linkToTargetMethod(java.lang.Object, java.lang.Object, java.lang.Object, java.lang.Object, java.lang.Object, java.lang.Object, java.lang.Object, java.lang.Object)'> (0x00000000875b7038) thrown at [src/hotspot/share/interpreter/linkResolver.cpp, line 773]
Event: 43.098 Thread 0x000002453201b800 Exception <a 'java/lang/IncompatibleClassChangeError'{0x0000000087438b90}: Found class java.lang.Object, but interface was expected> (0x0000000087438b90) thrown at [src/hotspot/share/interpreter/linkResolver.cpp, line 839]

Events (20 events):
Event: 43.311 loading class org/gradle/tooling/internal/provider/runner/PluginApplicationTracker
Event: 43.311 loading class org/gradle/tooling/internal/provider/runner/PluginApplicationTracker done
Event: 43.313 loading class org/gradle/configuration/InitScriptTarget
Event: 43.313 loading class org/gradle/configuration/InitScriptTarget done
Event: 43.314 loading class org/gradle/configuration/DefaultScriptTarget
Event: 43.314 loading class org/gradle/configuration/DefaultScriptTarget done
Event: 43.316 loading class org/gradle/groovy/scripts/DefaultScriptCompilerFactory$ScriptCompilerImpl
Event: 43.316 loading class org/gradle/groovy/scripts/DefaultScriptCompilerFactory$ScriptCompilerImpl done
Event: 43.317 loading class org/gradle/groovy/scripts/CachingScriptSource
Event: 43.317 loading class org/gradle/groovy/scripts/CachingScriptSource done
Event: 43.318 loading class org/gradle/groovy/scripts/DelegatingScriptSource
Event: 43.318 loading class org/gradle/groovy/scripts/DelegatingScriptSource done
Event: 43.320 loading class org/gradle/internal/resource/CachingTextResource
Event: 43.320 loading class org/gradle/internal/resource/CachingTextResource done
Event: 43.322 loading class java/io/StringReader
Event: 43.323 loading class java/io/StringReader done
Event: 43.324 loading class org/gradle/groovy/scripts/internal/InitialPassStatementTransformer
Event: 43.324 loading class org/gradle/groovy/scripts/internal/InitialPassStatementTransformer done
Event: 43.326 loading class org/codehaus/groovy/ast/expr/Expression
Event: 43.326 loading class org/codehaus/groovy/ast/expr/Expression done


Dynamic libraries:
0x00007ff7e2630000 - 0x00007ff7e263a000 	C:\Program Files\Android\Android Studio1\jbr\bin\java.exe
0x00007ffe0c030000 - 0x00007ffe0c228000 	C:\WINDOWS\SYSTEM32\ntdll.dll
0x00007ffe0a270000 - 0x00007ffe0a32f000 	C:\WINDOWS\System32\KERNEL32.DLL
0x00007ffe09aa0000 - 0x00007ffe09d96000 	C:\WINDOWS\System32\KERNELBASE.dll
0x00007ffe09710000 - 0x00007ffe09810000 	C:\WINDOWS\System32\ucrtbase.dll
0x00007ffe03260000 - 0x00007ffe03277000 	C:\Program Files\Android\Android Studio1\jbr\bin\jli.dll
0x00007ffe0b7e0000 - 0x00007ffe0b97d000 	C:\WINDOWS\System32\USER32.dll
0x00007ffe09a20000 - 0x00007ffe09a42000 	C:\WINDOWS\System32\win32u.dll
0x00007ffe0a810000 - 0x00007ffe0a83c000 	C:\WINDOWS\System32\GDI32.dll
0x00007ffe09ed0000 - 0x00007ffe09fe5000 	C:\WINDOWS\System32\gdi32full.dll
0x00007ffe09e30000 - 0x00007ffe09ecd000 	C:\WINDOWS\System32\msvcp_win.dll
0x00007ffdf8b20000 - 0x00007ffdf8dba000 	C:\WINDOWS\WinSxS\amd64_microsoft.windows.common-controls_6595b64144ccf1df_6.0.19041.1110_none_60b5254171f9507e\COMCTL32.dll
0x00007ffe0aed0000 - 0x00007ffe0af6e000 	C:\WINDOWS\System32\msvcrt.dll
0x00007ffe026e0000 - 0x00007ffe026fb000 	C:\Program Files\Android\Android Studio1\jbr\bin\VCRUNTIME140.dll
0x00007ffe0a970000 - 0x00007ffe0a9a0000 	C:\WINDOWS\System32\IMM32.DLL
0x00007ffe02370000 - 0x00007ffe0237c000 	C:\Program Files\Android\Android Studio1\jbr\bin\vcruntime140_1.dll
0x00007ffde7a80000 - 0x00007ffde7b0d000 	C:\Program Files\Android\Android Studio1\jbr\bin\msvcp140.dll
0x00007ffd654a0000 - 0x00007ffd6605c000 	C:\Program Files\Android\Android Studio1\jbr\bin\server\jvm.dll
0x00007ffe0a9a0000 - 0x00007ffe0aa4f000 	C:\WINDOWS\System32\ADVAPI32.dll
0x00007ffe0a090000 - 0x00007ffe0a12c000 	C:\WINDOWS\System32\sechost.dll
0x00007ffe0bec0000 - 0x00007ffe0bfe6000 	C:\WINDOWS\System32\RPCRT4.dll
0x00007ffe0a390000 - 0x00007ffe0a398000 	C:\WINDOWS\System32\PSAPI.DLL
0x00007ffdf8de0000 - 0x00007ffdf8e07000 	C:\WINDOWS\SYSTEM32\WINMM.dll
0x00007ffe02940000 - 0x00007ffe0294a000 	C:\WINDOWS\SYSTEM32\VERSION.dll
0x00007ffe034d0000 - 0x00007ffe034d9000 	C:\WINDOWS\SYSTEM32\WSOCK32.dll
0x00007ffe0b6f0000 - 0x00007ffe0b75b000 	C:\WINDOWS\System32\WS2_32.dll
0x00007ffe07f60000 - 0x00007ffe07f72000 	C:\WINDOWS\SYSTEM32\kernel.appcore.dll
0x00007ffe02380000 - 0x00007ffe02390000 	C:\Program Files\Android\Android Studio1\jbr\bin\verify.dll
0x00007ffe07af0000 - 0x00007ffe07cd4000 	C:\WINDOWS\SYSTEM32\DBGHELP.DLL
0x00007ffe07ab0000 - 0x00007ffe07ae4000 	C:\WINDOWS\SYSTEM32\dbgcore.DLL
0x00007ffe09da0000 - 0x00007ffe09e22000 	C:\WINDOWS\System32\bcryptPrimitives.dll
0x00007ffdf9300000 - 0x00007ffdf9328000 	C:\Program Files\Android\Android Studio1\jbr\bin\java.dll
0x00007ffe020d0000 - 0x00007ffe020da000 	C:\Program Files\Android\Android Studio1\jbr\bin\jimage.dll
0x00007ffdff470000 - 0x00007ffdff488000 	C:\Program Files\Android\Android Studio1\jbr\bin\zip.dll
0x00007ffe0af80000 - 0x00007ffe0b6c4000 	C:\WINDOWS\System32\SHELL32.dll
0x00007ffe07240000 - 0x00007ffe079d3000 	C:\WINDOWS\SYSTEM32\windows.storage.dll
0x00007ffe0aa50000 - 0x00007ffe0ada4000 	C:\WINDOWS\System32\combase.dll
0x00007ffe09100000 - 0x00007ffe0912e000 	C:\WINDOWS\SYSTEM32\Wldp.dll
0x00007ffe0bc70000 - 0x00007ffe0bd1d000 	C:\WINDOWS\System32\SHCORE.dll
0x00007ffe0bc10000 - 0x00007ffe0bc65000 	C:\WINDOWS\System32\shlwapi.dll
0x00007ffe09650000 - 0x00007ffe0966f000 	C:\WINDOWS\SYSTEM32\profapi.dll
0x00007ffdf5330000 - 0x00007ffdf5349000 	C:\Program Files\Android\Android Studio1\jbr\bin\net.dll
0x00007ffe070c0000 - 0x00007ffe071ca000 	C:\WINDOWS\SYSTEM32\WINHTTP.dll
0x00007ffe08e60000 - 0x00007ffe08eca000 	C:\WINDOWS\system32\mswsock.dll
0x00007ffdf3bb0000 - 0x00007ffdf3bc3000 	C:\Program Files\Android\Android Studio1\jbr\bin\nio.dll
0x00007ffddffd0000 - 0x00007ffddfff7000 	C:\Users\imsoojin\.gradle\native\68d5fa5c4cc2d200863cafc0d521ce42e7d3e7ee720ec0a83991735586a16f82\windows-amd64\native-platform.dll
0x00007ffddf3d0000 - 0x00007ffddf514000 	C:\Users\imsoojin\.gradle\native\e376f236ea51e6404a007f0833ffe2c6e607c4080706a723a18a27aeea778392\windows-amd64\native-platform-file-events.dll
0x00007ffe031e0000 - 0x00007ffe031ea000 	C:\Program Files\Android\Android Studio1\jbr\bin\management.dll
0x00007ffe020c0000 - 0x00007ffe020cb000 	C:\Program Files\Android\Android Studio1\jbr\bin\management_ext.dll
0x00007ffe09050000 - 0x00007ffe09068000 	C:\WINDOWS\SYSTEM32\CRYPTSP.dll
0x00007ffe08710000 - 0x00007ffe08744000 	C:\WINDOWS\system32\rsaenh.dll
0x00007ffe09ff0000 - 0x00007ffe0a017000 	C:\WINDOWS\System32\bcrypt.dll
0x00007ffe09610000 - 0x00007ffe0963e000 	C:\WINDOWS\SYSTEM32\USERENV.dll
0x00007ffe09070000 - 0x00007ffe0907c000 	C:\WINDOWS\SYSTEM32\CRYPTBASE.dll
0x00007ffe08ae0000 - 0x00007ffe08b1c000 	C:\WINDOWS\SYSTEM32\IPHLPAPI.DLL
0x00007ffe0a130000 - 0x00007ffe0a138000 	C:\WINDOWS\System32\NSI.dll
0x00007ffe03c80000 - 0x00007ffe03c97000 	C:\WINDOWS\SYSTEM32\dhcpcsvc6.DLL
0x00007ffe03bf0000 - 0x00007ffe03c0d000 	C:\WINDOWS\SYSTEM32\dhcpcsvc.DLL
0x00007ffe08b20000 - 0x00007ffe08beb000 	C:\WINDOWS\SYSTEM32\DNSAPI.dll

dbghelp: loaded successfully - version: 4.0.5 - missing functions: none
symbol engine: initialized successfully - sym options: 0x614 - pdb path: .;C:\Program Files\Android\Android Studio1\jbr\bin;C:\WINDOWS\SYSTEM32;C:\WINDOWS\WinSxS\amd64_microsoft.windows.common-controls_6595b64144ccf1df_6.0.19041.1110_none_60b5254171f9507e;C:\Program Files\Android\Android Studio1\jbr\bin\server;C:\Users\imsoojin\.gradle\native\68d5fa5c4cc2d200863cafc0d521ce42e7d3e7ee720ec0a83991735586a16f82\windows-amd64;C:\Users\imsoojin\.gradle\native\e376f236ea51e6404a007f0833ffe2c6e607c4080706a723a18a27aeea778392\windows-amd64

VM Arguments:
jvm_args: --add-opens=java.base/java.util=ALL-UNNAMED --add-opens=java.base/java.lang=ALL-UNNAMED --add-opens=java.base/java.lang.invoke=ALL-UNNAMED --add-opens=java.prefs/java.util.prefs=ALL-UNNAMED --add-opens=java.base/java.nio.charset=ALL-UNNAMED --add-opens=java.base/java.net=ALL-UNNAMED --add-opens=java.base/java.util.concurrent.atomic=ALL-UNNAMED -Xmx2048m -Dfile.encoding=UTF-8 -Duser.country=KR -Duser.language=ko -Duser.variant 
java_command: org.gradle.launcher.daemon.bootstrap.GradleDaemon 8.0-rc-5
java_class_path (initial): C:\Users\imsoojin\.gradle\wrapper\dists\gradle-8.0-rc-5-bin\66yo301po1erkgqofao4h2334\gradle-8.0-rc-5\lib\gradle-launcher-8.0.jar
Launcher Type: SUN_STANDARD

[Global flags]
     intx CICompilerCount                          = 4                                         {product} {ergonomic}
     uint ConcGCThreads                            = 2                                         {product} {ergonomic}
     uint G1ConcRefinementThreads                  = 8                                         {product} {ergonomic}
   size_t G1HeapRegionSize                         = 1048576                                   {product} {ergonomic}
    uintx GCDrainStackTargetSize                   = 64                                        {product} {ergonomic}
   size_t InitialHeapSize                          = 130023424                                 {product} {ergonomic}
   size_t MarkStackSize                            = 4194304                                   {product} {ergonomic}
   size_t MaxHeapSize                              = 2147483648                                {product} {command line}
   size_t MaxNewSize                               = 1287651328                                {product} {ergonomic}
   size_t MinHeapDeltaBytes                        = 1048576                                   {product} {ergonomic}
    uintx NonNMethodCodeHeapSize                   = 5836300                                {pd product} {ergonomic}
    uintx NonProfiledCodeHeapSize                  = 122910970                              {pd product} {ergonomic}
    uintx ProfiledCodeHeapSize                     = 122910970                              {pd product} {ergonomic}
    uintx ReservedCodeCacheSize                    = 251658240                              {pd product} {ergonomic}
     bool SegmentedCodeCache                       = true                                      {product} {ergonomic}
     bool UseCompressedClassPointers               = true                                 {lp64_product} {ergonomic}
     bool UseCompressedOops                        = true                                 {lp64_product} {ergonomic}
     bool UseG1GC                                  = true                                      {product} {ergonomic}
     bool UseLargePagesIndividualAllocation        = false                                  {pd product} {ergonomic}

Logging:
Log output configuration:
 #0: stdout all=warning uptime,level,tags
 #1: stderr all=off uptime,level,tags

Environment Variables:
CLASSPATH=%JAVA_HOME%;
PATH=C:\Program Files\Common Files\Oracle\Java\javapath;C:\WINDOWS\system32;C:\WINDOWS;C:\WINDOWS\System32\Wbem;C:\WINDOWS\System32\WindowsPowerShell\v1.0\;C:\WINDOWS\System32\OpenSSH\;C:\Program Files (x86)\Brackets\command;C:\Program Files\Microsoft SQL Server\130\Tools\Binn\;C:\Program Files\Git\cmd;%JAVA_HOME%\bin;C:\Program Files\MySQL\MySQL Shell 8.0\bin\;C:\Users\imsoojin\AppData\Local\Microsoft\WindowsApps;C:\Users\imsoojin\anaconda3;C:\Users\imsoojin\anaconda3\Library;C:\Users\imsoojin\anaconda3\Scripts;;C:\Program Files (x86)\ESTsoft\ALSee\x64
USERNAME=imsoojin
OS=Windows_NT
PROCESSOR_IDENTIFIER=Intel64 Family 6 Model 126 Stepping 5, GenuineIntel



---------------  S Y S T E M  ---------------

OS: Windows 10 , 64 bit Build 19041 (10.0.19041.2913)
OS uptime: 3 days 6:08 hours

CPU:total 8 (initial active 8) (4 cores per cpu, 2 threads per core) family 6 model 126 stepping 5 microcode 0x78, cmov, cx8, fxsr, mmx, sse, sse2, sse3, ssse3, sse4.1, sse4.2, popcnt, avx, avx2, aes, clmul, erms, 3dnowpref, lzcnt, ht, tsc, tscinvbit, bmi1, bmi2, adx, evex, sha, fma

Memory: 4k page, system-wide physical 7901M (107M free)
TotalPageFile size 32477M (AvailPageFile size 28M)
current process WorkingSet (physical memory assigned to process): 163M, peak: 166M
current process commit charge ("private bytes"): 273M, peak: 281M

vm_info: OpenJDK 64-Bit Server VM (11.0.15+0-b2043.56-9505619) for windows-amd64 JRE (11.0.15+0-b2043.56-9505619), built on Jan 19 2023 02:48:00 by "builduser" with unknown MS VC++:1929

END.
